Thu Jun 26 18:19:21 UTC 2025
Thu Jun 26 18:55:49 UTC 2025
Fri Jun 27 18:54:54 UTC 2025
Sat Jun 28 18:49:34 UTC 2025
Sun Jun 29 18:48:21 UTC 2025
Mon Jun 30 18:53:27 UTC 2025
Tue Jul  1 18:52:09 UTC 2025
Wed Jul  2 18:27:10 UTC 2025
Thu Jul  3 18:26:37 UTC 2025
Fri Jul  4 18:25:20 UTC 2025
Sat Jul  5 18:23:23 UTC 2025
Sun Jul  6 18:24:27 UTC 2025
Mon Jul  7 18:27:04 UTC 2025
Tue Jul  8 18:27:16 UTC 2025
Wed Jul  9 18:27:44 UTC 2025
Thu Jul 10 18:27:18 UTC 2025
Fri Jul 11 18:26:55 UTC 2025
Sat Jul 12 18:24:57 UTC 2025
Sun Jul 13 18:25:13 UTC 2025
Mon Jul 14 18:29:40 UTC 2025
Tue Jul 15 18:29:40 UTC 2025
Wed Jul 16 18:28:31 UTC 2025
Thu Jul 17 18:28:44 UTC 2025
Fri Jul 18 18:27:46 UTC 2025
Sat Jul 19 18:26:00 UTC 2025
Sun Jul 20 18:26:22 UTC 2025
Mon Jul 21 18:29:41 UTC 2025
Tue Jul 22 18:29:08 UTC 2025
Wed Jul 23 18:29:01 UTC 2025
Thu Jul 24 18:28:59 UTC 2025
Fri Jul 25 18:28:42 UTC 2025
Sat Jul 26 18:26:29 UTC 2025
